<?xml version="1.0" encoding="UTF-8"?>
<!-- Generated by org.testng.reporters.JUnitXMLReporter -->
<testsuite hostname="Musas-MacBook-Pro.local" ignored="1" name="Default test" tests="2" failures="0" timestamp="01 Apr 2018 04:23:02 GMT" time="3.806" errors="0">
  <testcase name="tableRead" time="0.187" classname="myNewExcel.ExcelNew"/>
  <testcase name="writeToExl" time="0.541" classname="myNewExcel.ExcelNew"/>
  <testcase name="tableRead2" time="0.0" classname="myNewExcel.ExcelNew">
    <ignored/>
  </testcase> <!-- tableRead2 -->
</testsuite> <!-- Default test -->
