<?xml version="1.0" encoding="UTF-8"?>
<testng-results skipped="0" failed="0" ignored="1" total="3" passed="2">
  <reporter-output>
  </reporter-output>
  <suite name="Default suite" duration-ms="3806" started-at="2018-04-01T04:22:54Z" finished-at="2018-04-01T04:22:57Z">
    <groups>
    </groups>
    <test name="Default test" duration-ms="3806" started-at="2018-04-01T04:22:54Z" finished-at="2018-04-01T04:22:57Z">
      <class name="myNewExcel.ExcelNew">
        <test-method status="PASS" signature="setUp()[pri:0, instance:myNewExcel.ExcelNew@77cd7a0]" name="setUp" is-config="true" duration-ms="3062" started-at="2018-04-01T00:22:54Z" finished-at="2018-04-01T00:22:57Z">
          <reporter-output>
          </reporter-output>
        </test-method> <!-- setUp -->
        <test-method status="PASS" signature="tableRead()[pri:0, instance:myNewExcel.ExcelNew@77cd7a0]" name="tableRead" duration-ms="187" started-at="2018-04-01T00:22:57Z" finished-at="2018-04-01T00:22:57Z">
          <reporter-output>
          </reporter-output>
        </test-method> <!-- tableRead -->
        <test-method status="PASS" signature="writeToExl()[pri:0, instance:myNewExcel.ExcelNew@77cd7a0]" name="writeToExl" duration-ms="541" started-at="2018-04-01T00:22:57Z" finished-at="2018-04-01T00:22:57Z">
          <reporter-output>
          </reporter-output>
        </test-method> <!-- writeToExl -->
      </class> <!-- myNewExcel.ExcelNew -->
    </test> <!-- Default test -->
  </suite> <!-- Default suite -->
</testng-results>
